Circuit: * C:\Users\mitch\projects\IOT-AutoHome\esp8266_module\sim\usb_pwr_sel.asc

Limiting rise time of source v3 to 0.02
Limiting fall time of source v3 to 0.02
WARNING: Less than two connections to node N003.  This node is used by V1.
Instance "m:m2:2": Length shorter than recommended for a level 3 MOSFET.
Instance "m:m1:2": Length shorter than recommended for a level 3 MOSFET.
Direct Newton iteration for .op point succeeded.

Date: Sat Apr 30 23:14:26 2022
Total elapsed time: 0.096 seconds.

tnom = 27
temp = 27
method = modified trap
totiter = 4340
traniter = 4316
tranpoints = 1959
accept = 1743
rejected = 216
matrix size = 23
fillins = 7
solver = Normal
Matrix Compiler1: 2.07 KB object code size  0.3/0.2/[0.1]
Matrix Compiler2: 1.96 KB object code size  0.2/0.2/[0.1]

